<?xml version="1.0" encoding="utf-8"?>
<TestRun id="560c8097-35d8-4c06-bc72-a930dae6ce13" name="PABLO-O-PC$@PABLO-O-PC 2024-12-19 17:48:41" runUser="NT AUTHORITY\SYSTEM" xmlns="http://microsoft.com/schemas/VisualStudio/TeamTest/2010">
  <Times creation="2024-12-19T17:48:41.1779023-03:00" queuing="2024-12-19T17:48:41.1779028-03:00" start="2024-12-19T17:48:40.0951056-03:00" finish="2024-12-19T17:48:41.1867394-03:00" />
  <TestSettings name="default" id="8aa8df75-0ede-4fb8-8b98-27f853db370e">
    <Deployment runDeploymentRoot="PABLO-O-PC$_PABLO-O-PC_2024-12-19_17_48_41" />
  </TestSettings>
  <Results>
    <UnitTestResult executionId="41bf2c88-fa81-4be9-8144-bde8cfe2b1a9" testId="f0f21f1c-ffba-7bad-4c45-138a7c4194d0" testName="ObtenerTareas_DeberiaRetornarListaDeTareas" computerName="PABLO-O-PC" duration="00:00:00.0012520" startTime="2024-12-19T17:48:41.0060487-03:00" endTime="2024-12-19T17:48:41.0073013-03:00" testType="13cdc9d9-ddb5-4fa4-a97d-d965ccfc6d4b" outcome="Passed" testListId="8c84fa94-04c1-424b-9868-57a2d4851a1d" relativeResultsDirectory="41bf2c88-fa81-4be9-8144-bde8cfe2b1a9" />
    <UnitTestResult executionId="ab34d91e-f5c7-4e34-a7d5-5303337aa018" testId="fe593c72-e56c-0a44-8d10-e13a7ca0b6b8" testName="CrearTarea_DeberiaAgregarUnaNuevaTarea" computerName="PABLO-O-PC" duration="00:00:00.0132970" startTime="2024-12-19T17:48:40.9887712-03:00" endTime="2024-12-19T17:48:41.0019848-03:00" testType="13cdc9d9-ddb5-4fa4-a97d-d965ccfc6d4b" outcome="Passed" testListId="8c84fa94-04c1-424b-9868-57a2d4851a1d" relativeResultsDirectory="ab34d91e-f5c7-4e34-a7d5-5303337aa018" />
  </Results>
  <TestDefinitions>
    <UnitTest name="ObtenerTareas_DeberiaRetornarListaDeTareas" storage="c:\users\pablo.olivares\documents\github\pruebajenkins\tareasapi.tests\bin\debug\net8.0\tareasapi.tests.dll" id="f0f21f1c-ffba-7bad-4c45-138a7c4194d0">
      <Execution id="41bf2c88-fa81-4be9-8144-bde8cfe2b1a9" />
      <TestMethod codeBase="C:\Users\pablo.olivares\Documents\GitHub\pruebaJenkins\TareasAPI.Tests\bin\Debug\net8.0\TareasAPI.Tests.dll" adapterTypeName="executor://nunit3testexecutor/" className="TareasApi.Tests.TareasControllerTests" name="ObtenerTareas_DeberiaRetornarListaDeTareas" />
    </UnitTest>
    <UnitTest name="CrearTarea_DeberiaAgregarUnaNuevaTarea" storage="c:\users\pablo.olivares\documents\github\pruebajenkins\tareasapi.tests\bin\debug\net8.0\tareasapi.tests.dll" id="fe593c72-e56c-0a44-8d10-e13a7ca0b6b8">
      <Execution id="ab34d91e-f5c7-4e34-a7d5-5303337aa018" />
      <TestMethod codeBase="C:\Users\pablo.olivares\Documents\GitHub\pruebaJenkins\TareasAPI.Tests\bin\Debug\net8.0\TareasAPI.Tests.dll" adapterTypeName="executor://nunit3testexecutor/" className="TareasApi.Tests.TareasControllerTests" name="CrearTarea_DeberiaAgregarUnaNuevaTarea" />
    </UnitTest>
  </TestDefinitions>
  <TestEntries>
    <TestEntry testId="f0f21f1c-ffba-7bad-4c45-138a7c4194d0" executionId="41bf2c88-fa81-4be9-8144-bde8cfe2b1a9" testListId="8c84fa94-04c1-424b-9868-57a2d4851a1d" />
    <TestEntry testId="fe593c72-e56c-0a44-8d10-e13a7ca0b6b8" executionId="ab34d91e-f5c7-4e34-a7d5-5303337aa018" testListId="8c84fa94-04c1-424b-9868-57a2d4851a1d" />
  </TestEntries>
  <TestLists>
    <TestList name="Resultados sin formato de lista" id="8c84fa94-04c1-424b-9868-57a2d4851a1d" />
    <TestList name="Todos los resultados cargados" id="19431567-8539-422a-85d7-44ee4e166bda" />
  </TestLists>
  <ResultSummary outcome="Completed">
    <Counters total="2" executed="2" passed="2" failed="0" error="0" timeout="0" aborted="0" inconclusive="0" passedButRunAborted="0" notRunnable="0" notExecuted="0" disconnected="0" warning="0" completed="0" inProgress="0" pending="0" />
    <Output>
      <StdOut>NUnit Adapter 4.5.0.0: Test execution started&#xD;
Running all tests in C:\Users\pablo.olivares\Documents\GitHub\pruebaJenkins\TareasAPI.Tests\bin\Debug\net8.0\TareasAPI.Tests.dll&#xD;
   NUnit3TestExecutor discovered 2 of 2 NUnit test cases using Current Discovery mode, Non-Explicit run&#xD;
NUnit Adapter 4.5.0.0: Test execution complete&#xD;
</StdOut>
    </Output>
  </ResultSummary>
</TestRun>