<?xml version="1.0" encoding="utf-8"?>
<TestRun id="3a848735-ca90-41fc-8a06-e2b22e48ddb3" name="PABLO-O-PC$@PABLO-O-PC 2025-01-02 17:35:08" runUser="NT AUTHORITY\SYSTEM" xmlns="http://microsoft.com/schemas/VisualStudio/TeamTest/2010">
  <Times creation="2025-01-02T17:35:08.0461022-03:00" queuing="2025-01-02T17:35:08.0461026-03:00" start="2025-01-02T17:35:07.0449351-03:00" finish="2025-01-02T17:35:08.0554968-03:00" />
  <TestSettings name="default" id="1eaf2f1d-8a41-4480-a482-d8cba7dcf531">
    <Deployment runDeploymentRoot="PABLO-O-PC$_PABLO-O-PC_2025-01-02_17_35_08" />
  </TestSettings>
  <Results>
    <UnitTestResult executionId="1ec9cf41-dd3a-46d1-82b3-34fb632c337c" testId="f0f21f1c-ffba-7bad-4c45-138a7c4194d0" testName="ObtenerTareas_DeberiaRetornarListaDeTareas" computerName="PABLO-O-PC" duration="00:00:00.0013550" startTime="2025-01-02T17:35:07.8620309-03:00" endTime="2025-01-02T17:35:07.8633858-03:00" testType="13cdc9d9-ddb5-4fa4-a97d-d965ccfc6d4b" outcome="Passed" testListId="8c84fa94-04c1-424b-9868-57a2d4851a1d" relativeResultsDirectory="1ec9cf41-dd3a-46d1-82b3-34fb632c337c" />
    <UnitTestResult executionId="46f25426-3cd8-4e56-bab3-3e38d048acbb" testId="fe593c72-e56c-0a44-8d10-e13a7ca0b6b8" testName="CrearTarea_DeberiaAgregarUnaNuevaTarea" computerName="PABLO-O-PC" duration="00:00:00.0191280" startTime="2025-01-02T17:35:07.8406953-03:00" endTime="2025-01-02T17:35:07.8597317-03:00" testType="13cdc9d9-ddb5-4fa4-a97d-d965ccfc6d4b" outcome="Passed" testListId="8c84fa94-04c1-424b-9868-57a2d4851a1d" relativeResultsDirectory="46f25426-3cd8-4e56-bab3-3e38d048acbb" />
  </Results>
  <TestDefinitions>
    <UnitTest name="ObtenerTareas_DeberiaRetornarListaDeTareas" storage="c:\users\pablo.olivares\documents\github\pruebajenkins\tareasapi.tests\bin\debug\net8.0\tareasapi.tests.dll" id="f0f21f1c-ffba-7bad-4c45-138a7c4194d0">
      <Execution id="1ec9cf41-dd3a-46d1-82b3-34fb632c337c" />
      <TestMethod codeBase="C:\Users\pablo.olivares\Documents\GitHub\pruebaJenkins\TareasAPI.Tests\bin\Debug\net8.0\TareasAPI.Tests.dll" adapterTypeName="executor://nunit3testexecutor/" className="TareasApi.Tests.TareasControllerTests" name="ObtenerTareas_DeberiaRetornarListaDeTareas" />
    </UnitTest>
    <UnitTest name="CrearTarea_DeberiaAgregarUnaNuevaTarea" storage="c:\users\pablo.olivares\documents\github\pruebajenkins\tareasapi.tests\bin\debug\net8.0\tareasapi.tests.dll" id="fe593c72-e56c-0a44-8d10-e13a7ca0b6b8">
      <Execution id="46f25426-3cd8-4e56-bab3-3e38d048acbb" />
      <TestMethod codeBase="C:\Users\pablo.olivares\Documents\GitHub\pruebaJenkins\TareasAPI.Tests\bin\Debug\net8.0\TareasAPI.Tests.dll" adapterTypeName="executor://nunit3testexecutor/" className="TareasApi.Tests.TareasControllerTests" name="CrearTarea_DeberiaAgregarUnaNuevaTarea" />
    </UnitTest>
  </TestDefinitions>
  <TestEntries>
    <TestEntry testId="f0f21f1c-ffba-7bad-4c45-138a7c4194d0" executionId="1ec9cf41-dd3a-46d1-82b3-34fb632c337c" testListId="8c84fa94-04c1-424b-9868-57a2d4851a1d" />
    <TestEntry testId="fe593c72-e56c-0a44-8d10-e13a7ca0b6b8" executionId="46f25426-3cd8-4e56-bab3-3e38d048acbb" testListId="8c84fa94-04c1-424b-9868-57a2d4851a1d" />
  </TestEntries>
  <TestLists>
    <TestList name="Resultados sin formato de lista" id="8c84fa94-04c1-424b-9868-57a2d4851a1d" />
    <TestList name="Todos los resultados cargados" id="19431567-8539-422a-85d7-44ee4e166bda" />
  </TestLists>
  <ResultSummary outcome="Completed">
    <Counters total="2" executed="2" passed="2" failed="0" error="0" timeout="0" aborted="0" inconclusive="0" passedButRunAborted="0" notRunnable="0" notExecuted="0" disconnected="0" warning="0" completed="0" inProgress="0" pending="0" />
    <Output>
      <StdOut>NUnit Adapter 4.5.0.0: Test execution started&#xD;
Running all tests in C:\Users\pablo.olivares\Documents\GitHub\pruebaJenkins\TareasAPI.Tests\bin\Debug\net8.0\TareasAPI.Tests.dll&#xD;
   NUnit3TestExecutor discovered 2 of 2 NUnit test cases using Current Discovery mode, Non-Explicit run&#xD;
NUnit Adapter 4.5.0.0: Test execution complete&#xD;
</StdOut>
    </Output>
  </ResultSummary>
</TestRun>